<?xml version="1.0" encoding="UTF-8"?>
<!-- Generated by org.testng.reporters.JUnitReportReporter -->
<testsuite skipped="0" hostname="DellXPS13" name="com.automation.test.AutomationScripts" tests="2" failures="0" timestamp="2024-10-25T13:26:48 EDT" time="17.213" errors="0">
  <testcase name="valid_login" time="10.192" classname="com.automation.test.AutomationScripts"/>
  <system-out/>
  <testcase name="invalid_password_login" time="7.021" classname="com.automation.test.AutomationScripts"/>
  <system-out/>
</testsuite> <!-- com.automation.test.AutomationScripts -->
