<?xml version="1.0" encoding="UTF-8"?>
<!-- Generated by org.testng.reporters.JUnitReportReporter -->
<testsuite skipped="0" hostname="DellXPS13" name="LogTests.LogTests" tests="2" failures="0" timestamp="2024-10-19T21:51:17 EDT" time="0.037" errors="0">
  <testcase name="test1" time="0.034" classname="LogTests.LogTests"/>
  <system-out/>
  <testcase name="test2" time="0.003" classname="LogTests.LogTests"/>
  <system-out/>
</testsuite> <!-- LogTests.LogTests -->
